<?xml version="1.0" encoding="UTF-8"?>
<!-- Generated by org.testng.reporters.JUnitReportReporter -->
<testsuite hostname="BLRETV-92FVCQ0K.local" failures="0" tests="1" name="com.test.prince.GetRequest" time="0.712" errors="0" timestamp="2023-03-20T16:44:07 IST" skipped="0">
  <testcase classname="com.test.prince.GetRequest" name="Test1" time="0.712"/>
  <system-out/>
</testsuite> <!-- com.test.prince.GetRequest -->
