<?xml version="1.0" encoding="UTF-8"?>
<!-- Generated by org.testng.reporters.JUnitReportReporter -->
<testsuite hostname="BLRETV-92FVCQ0K.local" failures="0" tests="7" name="com.test.rishabh.RestApi" time="0.332" errors="0" timestamp="2023-03-30T11:32:28 IST" skipped="0">
  <testcase classname="com.test.rishabh.RestApi" name="getTest1" time="0.048"/>
  <system-out/>
  <testcase classname="com.test.rishabh.RestApi" name="getTest2" time="0.048"/>
  <system-out/>
  <testcase classname="com.test.rishabh.RestApi" name="getTest3" time="0.051"/>
  <system-out/>
  <testcase classname="com.test.rishabh.RestApi" name="getTest4" time="0.045"/>
  <system-out/>
  <testcase classname="com.test.rishabh.RestApi" name="getTest5" time="0.050"/>
  <system-out/>
  <testcase classname="com.test.rishabh.RestApi" name="getTest6" time="0.049"/>
  <system-out/>
  <testcase classname="com.test.rishabh.RestApi" name="getTest7" time="0.041"/>
  <system-out/>
</testsuite> <!-- com.test.rishabh.RestApi -->
